This file contains any messages produced by compilers while
running configure, to aid debugging if configure makes a mistake.

It was created by XMLStarlet configure v1.6.3-249-ge436ed1-dirty, which was
generated by GNU Autoconf 2.69.  Invocation command line was

  $ ./configure --prefix=/usr

## --------- ##
## Platform. ##
## --------- ##

hostname = hawking
uname -m = x86_64
uname -r = 5.4.0-48-generic
uname -s = Linux
uname -v = #52-Ubuntu SMP Thu Sep 10 10:58:49 UTC 2020

/usr/bin/uname -p = x86_64
/bin/uname -X     = unknown

/bin/arch              = x86_64
/usr/bin/arch -k       = unknown
/usr/convex/getsysinfo = unknown
/usr/bin/hostinfo      = unknown
/bin/machine           = unknown
/usr/bin/oslevel       = unknown
/bin/universe          = unknown

PATH: /home/dimitern/work/xmlstarlet/.venv/bin
PATH: ~/work/exercism
PATH: /home/dimitern/java/spring-2.3.2.RELEASE/bin
PATH: /home/dimitern/java/apache-maven-3.6.3/bin
PATH: /home/dimitern/.jdks/jdk1.8.0_261/bin
PATH: /home/dimitern/anaconda3/condabin
PATH: /home/dimitern/.byobu/bin
PATH: /home/dimitern/.cargo/bin
PATH: /home/dimitern/.local/bin
PATH: /home/dimitern/.pyenv/plugins/pyenv-virtualenv/shims
PATH: /home/dimitern/.pyenv/shims
PATH: /home/dimitern/.pyenv/bin
PATH: /home/dimitern/chemacs/doom-emacs/bin
PATH: /home/dimitern/.cargo/bin
PATH: /home/dimitern/.local/bin
PATH: /home/dimitern/work/bin
PATH: /home/dimitern/.local/bin
PATH: /bin
PATH: /home/dimitern/work/go/bin
PATH: /home/dimitern/.cask/bin
PATH: /usr/local/sbin
PATH: /usr/local/bin
PATH: /usr/sbin
PATH: /usr/bin
PATH: /sbin
PATH: /bin
PATH: /usr/games
PATH: /usr/local/games
PATH: /snap/bin


## ----------- ##
## Core tests. ##
## ----------- ##

configure:2451: checking for a BSD-compatible install
configure:2519: result: /bin/install -c
configure:2530: checking whether build environment is sane
configure:2585: result: yes
configure:2734: checking for a thread-safe mkdir -p
configure:2773: result: /bin/mkdir -p
configure:2780: checking for gawk
configure:2796: found /bin/gawk
configure:2807: result: gawk
configure:2818: checking whether make sets $(MAKE)
configure:2840: result: yes
configure:2869: checking whether make supports nested variables
configure:2886: result: yes
configure:3014: checking whether make supports nested variables
configure:3031: result: yes
configure:3043: checking whether to enable maintainer-specific portions of Makefiles
configure:3052: result: no
configure:3173: checking build system type
configure:3187: result: x86_64-pc-linux-gnu
configure:3207: checking host system type
configure:3220: result: x86_64-pc-linux-gnu
configure:3288: checking for gcc
configure:3304: found /bin/gcc
configure:3315: result: gcc
configure:3544: checking for C compiler version
configure:3553: gcc --version >&5
gcc (Ubuntu 9.3.0-10ubuntu2) 9.3.0
Copyright (C) 2019 Free Software Foundation, Inc.
This is free software; see the source for copying conditions.  There is NO
warranty; not even for MERCHANTABILITY or FITNESS FOR A PARTICULAR PURPOSE.

configure:3564: $? = 0
configure:3553: gcc -v >&5
Using built-in specs.
COLLECT_GCC=gcc
COLLECT_LTO_WRAPPER=/usr/lib/gcc/x86_64-linux-gnu/9/lto-wrapper
OFFLOAD_TARGET_NAMES=nvptx-none:hsa
OFFLOAD_TARGET_DEFAULT=1
Target: x86_64-linux-gnu
Configured with: ../src/configure -v --with-pkgversion='Ubuntu 9.3.0-10ubuntu2' --with-bugurl=file:///usr/share/doc/gcc-9/README.Bugs --enable-languages=c,ada,c++,go,brig,d,fortran,objc,obj-c++,gm2 --prefix=/usr --with-gcc-major-version-only --program-suffix=-9 --program-prefix=x86_64-linux-gnu- --enable-shared --enable-linker-build-id --libexecdir=/usr/lib --without-included-gettext --enable-threads=posix --libdir=/usr/lib --enable-nls --enable-clocale=gnu --enable-libstdcxx-debug --enable-libstdcxx-time=yes --with-default-libstdcxx-abi=new --enable-gnu-unique-object --disable-vtable-verify --enable-plugin --enable-default-pie --with-system-zlib --with-target-system-zlib=auto --enable-objc-gc=auto --enable-multiarch --disable-werror --with-arch-32=i686 --with-abi=m64 --with-multilib-list=m32,m64,mx32 --enable-multilib --with-tune=generic --enable-offload-targets=nvptx-none,hsa --without-cuda-driver --enable-checking=release --build=x86_64-linux-gnu --host=x86_64-linux-gnu --target=x86_64-linux-gnu
Thread model: posix
gcc version 9.3.0 (Ubuntu 9.3.0-10ubuntu2) 
configure:3564: $? = 0
configure:3553: gcc -V >&5
gcc: error: unrecognized command line option '-V'
gcc: fatal error: no input files
compilation terminated.
configure:3564: $? = 1
configure:3553: gcc -qversion >&5
gcc: error: unrecognized command line option '-qversion'; did you mean '--version'?
gcc: fatal error: no input files
compilation terminated.
configure:3564: $? = 1
configure:3584: checking whether the C compiler works
configure:3606: gcc    conftest.c  >&5
configure:3610: $? = 0
configure:3658: result: yes
configure:3661: checking for C compiler default output file name
configure:3663: result: a.out
configure:3669: checking for suffix of executables
configure:3676: gcc -o conftest    conftest.c  >&5
configure:3680: $? = 0
configure:3702: result: 
configure:3724: checking whether we are cross compiling
configure:3732: gcc -o conftest    conftest.c  >&5
configure:3736: $? = 0
configure:3743: ./conftest
configure:3747: $? = 0
configure:3735: result: no
configure:3740: checking for suffix of object files
configure:3762: gcc -c   conftest.c >&5
configure:3766: $? = 0
configure:3787: result: o
configure:3791: checking whether we are using the GNU C compiler
configure:3810: gcc -c   conftest.c >&5
configure:3810: $? = 0
configure:3819: result: yes
configure:3828: checking whether gcc accepts -g
configure:3848: gcc -c -g  conftest.c >&5
configure:3848: $? = 0
configure:3889: result: yes
configure:3906: checking for gcc option to accept ISO C89
configure:3969: gcc  -c -g -O2  conftest.c >&5
configure:3969: $? = 0
configure:3982: result: none needed
configure:4007: checking whether gcc understands -c and -o together
configure:4029: gcc -c conftest.c -o conftest2.o
configure:4032: $? = 0
configure:4029: gcc -c conftest.c -o conftest2.o
configure:4032: $? = 0
configure:4044: result: yes
configure:4064: checking whether make supports the include directive
configure:4079: make -f confmf.GNU && cat confinc.out
this is the am__doit target
configure:4082: $? = 0
configure:4101: result: yes (GNU style)
configure:4126: checking dependency style of gcc
configure:4237: result: gcc3
configure:4264: checking for a sed that does not truncate output
configure:4328: result: /bin/sed
configure:4337: checking for gawk
configure:4364: result: gawk
configure:4387: checking for xml2-config
configure:4405: found /bin/xml2-config
configure:4417: result: /bin/xml2-config
configure:4446: using libxml-2.9.10
configure:4528: checking for xslt-config
configure:4546: found /bin/xslt-config
configure:4558: result: /bin/xslt-config
configure:4587: using libxslt-1.1.34
configure:4861: checking how to run the C preprocessor
configure:4892: gcc -E  conftest.c
configure:4892: $? = 0
configure:4906: gcc -E  conftest.c
conftest.c:10:10: fatal error: ac_nonexistent.h: No such file or directory
   10 | #include <ac_nonexistent.h>
      |          ^~~~~~~~~~~~~~~~~~
compilation terminated.
configure:4906: $? = 1
configure: failed program was:
| /* confdefs.h */
| #define PACKAGE_NAME "XMLStarlet"
| #define PACKAGE_TARNAME "xmlstarlet"
| #define PACKAGE_VERSION "v1.6.3-249-ge436ed1-dirty"
| #define PACKAGE_STRING "XMLStarlet v1.6.3-249-ge436ed1-dirty"
| #define PACKAGE_BUGREPORT "http://sourceforge.net/projects/xmlstar/support"
| #define PACKAGE_URL "http://xmlstar.sourceforge.net/"
| #define _XOPEN_SOURCE 500
| /* end confdefs.h.  */
| #include <ac_nonexistent.h>
configure:4931: result: gcc -E
configure:4951: gcc -E  conftest.c
configure:4951: $? = 0
configure:4965: gcc -E  conftest.c
conftest.c:10:10: fatal error: ac_nonexistent.h: No such file or directory
   10 | #include <ac_nonexistent.h>
      |          ^~~~~~~~~~~~~~~~~~
compilation terminated.
configure:4965: $? = 1
configure: failed program was:
| /* confdefs.h */
| #define PACKAGE_NAME "XMLStarlet"
| #define PACKAGE_TARNAME "xmlstarlet"
| #define PACKAGE_VERSION "v1.6.3-249-ge436ed1-dirty"
| #define PACKAGE_STRING "XMLStarlet v1.6.3-249-ge436ed1-dirty"
| #define PACKAGE_BUGREPORT "http://sourceforge.net/projects/xmlstar/support"
| #define PACKAGE_URL "http://xmlstar.sourceforge.net/"
| #define _XOPEN_SOURCE 500
| /* end confdefs.h.  */
| #include <ac_nonexistent.h>
configure:4994: checking for grep that handles long lines and -e
configure:5052: result: /bin/grep
configure:5057: checking for egrep
configure:5119: result: /bin/grep -E
configure:5124: checking for ANSI C header files
configure:5144: gcc -c -ansi -g -O2  conftest.c >&5
configure:5144: $? = 0
configure:5217: gcc -o conftest -ansi -g -O2   conftest.c  >&5
configure:5217: $? = 0
configure:5217: ./conftest
configure:5217: $? = 0
configure:5228: result: yes
configure:5241: checking for sys/types.h
configure:5241: gcc -c -ansi -g -O2  conftest.c >&5
configure:5241: $? = 0
configure:5241: result: yes
configure:5241: checking for sys/stat.h
configure:5241: gcc -c -ansi -g -O2  conftest.c >&5
configure:5241: $? = 0
configure:5241: result: yes
configure:5241: checking for stdlib.h
configure:5241: gcc -c -ansi -g -O2  conftest.c >&5
configure:5241: $? = 0
configure:5241: result: yes
configure:5241: checking for string.h
configure:5241: gcc -c -ansi -g -O2  conftest.c >&5
configure:5241: $? = 0
configure:5241: result: yes
configure:5241: checking for memory.h
configure:5241: gcc -c -ansi -g -O2  conftest.c >&5
configure:5241: $? = 0
configure:5241: result: yes
configure:5241: checking for strings.h
configure:5241: gcc -c -ansi -g -O2  conftest.c >&5
configure:5241: $? = 0
configure:5241: result: yes
configure:5241: checking for inttypes.h
configure:5241: gcc -c -ansi -g -O2  conftest.c >&5
configure:5241: $? = 0
configure:5241: result: yes
configure:5241: checking for stdint.h
configure:5241: gcc -c -ansi -g -O2  conftest.c >&5
configure:5241: $? = 0
configure:5241: result: yes
configure:5241: checking for unistd.h
configure:5241: gcc -c -ansi -g -O2  conftest.c >&5
configure:5241: $? = 0
configure:5241: result: yes
configure:5253: checking whether lstat correctly handles trailing slash
configure:5279: gcc -o conftest -ansi -g -O2   conftest.c  >&5
configure:5279: $? = 0
configure:5279: ./conftest
configure:5279: $? = 0
configure:5296: result: yes
configure:5317: checking for stdlib.h
configure:5317: result: yes
configure:5327: checking for GNU libc compatible malloc
configure:5351: gcc -o conftest -ansi -g -O2   conftest.c  >&5
configure:5351: $? = 0
configure:5351: ./conftest
configure:5351: $? = 0
configure:5361: result: yes
configure:5384: checking for stdlib.h
configure:5384: result: yes
configure:5394: checking for GNU libc compatible realloc
configure:5418: gcc -o conftest -ansi -g -O2   conftest.c  >&5
configure:5418: $? = 0
configure:5418: ./conftest
configure:5418: $? = 0
configure:5428: result: yes
configure:5449: checking for mode_t
configure:5449: gcc -c -ansi -g -O2  conftest.c >&5
configure:5449: $? = 0
configure:5449: gcc -c -ansi -g -O2  conftest.c >&5
conftest.c: In function 'main':
conftest.c:61:21: error: expected expression before ')' token
   61 | if (sizeof ((mode_t)))
      |                     ^
configure:5449: $? = 1
configure: failed program was:
| /* confdefs.h */
| #define PACKAGE_NAME "XMLStarlet"
| #define PACKAGE_TARNAME "xmlstarlet"
| #define PACKAGE_VERSION "v1.6.3-249-ge436ed1-dirty"
| #define PACKAGE_STRING "XMLStarlet v1.6.3-249-ge436ed1-dirty"
| #define PACKAGE_BUGREPORT "http://sourceforge.net/projects/xmlstar/support"
| #define PACKAGE_URL "http://xmlstar.sourceforge.net/"
| #define _XOPEN_SOURCE 500
| #define STDC_HEADERS 1
| #define HAVE_SYS_TYPES_H 1
| #define HAVE_SYS_STAT_H 1
| #define HAVE_STDLIB_H 1
| #define HAVE_STRING_H 1
| #define HAVE_MEMORY_H 1
| #define HAVE_STRINGS_H 1
| #define HAVE_INTTYPES_H 1
| #define HAVE_STDINT_H 1
| #define HAVE_UNISTD_H 1
| #define LSTAT_FOLLOWS_SLASHED_SYMLINK 1
| #define HAVE_STDLIB_H 1
| #define HAVE_MALLOC 1
| #define HAVE_STDLIB_H 1
| #define HAVE_REALLOC 1
| /* end confdefs.h.  */
| #include <stdio.h>
| #ifdef HAVE_SYS_TYPES_H
| # include <sys/types.h>
| #endif
| #ifdef HAVE_SYS_STAT_H
| # include <sys/stat.h>
| #endif
| #ifdef STDC_HEADERS
| # include <stdlib.h>
| # include <stddef.h>
| #else
| # ifdef HAVE_STDLIB_H
| #  include <stdlib.h>
| # endif
| #endif
| #ifdef HAVE_STRING_H
| # if !defined STDC_HEADERS && defined HAVE_MEMORY_H
| #  include <memory.h>
| # endif
| # include <string.h>
| #endif
| #ifdef HAVE_STRINGS_H
| # include <strings.h>
| #endif
| #ifdef HAVE_INTTYPES_H
| # include <inttypes.h>
| #endif
| #ifdef HAVE_STDINT_H
| # include <stdint.h>
| #endif
| #ifdef HAVE_UNISTD_H
| # include <unistd.h>
| #endif
| int
| main ()
| {
| if (sizeof ((mode_t)))
| 	    return 0;
|   ;
|   return 0;
| }
configure:5449: result: yes
configure:5460: checking for size_t
configure:5460: gcc -c -ansi -g -O2  conftest.c >&5
configure:5460: $? = 0
configure:5460: gcc -c -ansi -g -O2  conftest.c >&5
conftest.c: In function 'main':
conftest.c:61:21: error: expected expression before ')' token
   61 | if (sizeof ((size_t)))
      |                     ^
configure:5460: $? = 1
configure: failed program was:
| /* confdefs.h */
| #define PACKAGE_NAME "XMLStarlet"
| #define PACKAGE_TARNAME "xmlstarlet"
| #define PACKAGE_VERSION "v1.6.3-249-ge436ed1-dirty"
| #define PACKAGE_STRING "XMLStarlet v1.6.3-249-ge436ed1-dirty"
| #define PACKAGE_BUGREPORT "http://sourceforge.net/projects/xmlstar/support"
| #define PACKAGE_URL "http://xmlstar.sourceforge.net/"
| #define _XOPEN_SOURCE 500
| #define STDC_HEADERS 1
| #define HAVE_SYS_TYPES_H 1
| #define HAVE_SYS_STAT_H 1
| #define HAVE_STDLIB_H 1
| #define HAVE_STRING_H 1
| #define HAVE_MEMORY_H 1
| #define HAVE_STRINGS_H 1
| #define HAVE_INTTYPES_H 1
| #define HAVE_STDINT_H 1
| #define HAVE_UNISTD_H 1
| #define LSTAT_FOLLOWS_SLASHED_SYMLINK 1
| #define HAVE_STDLIB_H 1
| #define HAVE_MALLOC 1
| #define HAVE_STDLIB_H 1
| #define HAVE_REALLOC 1
| /* end confdefs.h.  */
| #include <stdio.h>
| #ifdef HAVE_SYS_TYPES_H
| # include <sys/types.h>
| #endif
| #ifdef HAVE_SYS_STAT_H
| # include <sys/stat.h>
| #endif
| #ifdef STDC_HEADERS
| # include <stdlib.h>
| # include <stddef.h>
| #else
| # ifdef HAVE_STDLIB_H
| #  include <stdlib.h>
| # endif
| #endif
| #ifdef HAVE_STRING_H
| # if !defined STDC_HEADERS && defined HAVE_MEMORY_H
| #  include <memory.h>
| # endif
| # include <string.h>
| #endif
| #ifdef HAVE_STRINGS_H
| # include <strings.h>
| #endif
| #ifdef HAVE_INTTYPES_H
| # include <inttypes.h>
| #endif
| #ifdef HAVE_STDINT_H
| # include <stdint.h>
| #endif
| #ifdef HAVE_UNISTD_H
| # include <unistd.h>
| #endif
| int
| main ()
| {
| if (sizeof ((size_t)))
| 	    return 0;
|   ;
|   return 0;
| }
configure:5460: result: yes
configure:6049: checking for lstat
configure:6049: gcc -o conftest -ansi -g -O2   conftest.c  >&5
configure:6049: $? = 0
configure:6049: result: yes
configure:6049: checking for stat
configure:6049: gcc -o conftest -ansi -g -O2   conftest.c  >&5
configure:6049: $? = 0
configure:6049: result: yes
configure:6049: checking for setmode
configure:6049: gcc -o conftest -ansi -g -O2   conftest.c  >&5
/bin/ld: /tmp/ccjvcqIy.o: in function `main':
/home/dimitern/work/xmlstarlet/xmlstarlet/conftest.c:61: undefined reference to `setmode'
collect2: error: ld returned 1 exit status
configure:6049: $? = 1
configure: failed program was:
| /* confdefs.h */
| #define PACKAGE_NAME "XMLStarlet"
| #define PACKAGE_TARNAME "xmlstarlet"
| #define PACKAGE_VERSION "v1.6.3-249-ge436ed1-dirty"
| #define PACKAGE_STRING "XMLStarlet v1.6.3-249-ge436ed1-dirty"
| #define PACKAGE_BUGREPORT "http://sourceforge.net/projects/xmlstar/support"
| #define PACKAGE_URL "http://xmlstar.sourceforge.net/"
| #define _XOPEN_SOURCE 500
| #define STDC_HEADERS 1
| #define HAVE_SYS_TYPES_H 1
| #define HAVE_SYS_STAT_H 1
| #define HAVE_STDLIB_H 1
| #define HAVE_STRING_H 1
| #define HAVE_MEMORY_H 1
| #define HAVE_STRINGS_H 1
| #define HAVE_INTTYPES_H 1
| #define HAVE_STDINT_H 1
| #define HAVE_UNISTD_H 1
| #define LSTAT_FOLLOWS_SLASHED_SYMLINK 1
| #define HAVE_STDLIB_H 1
| #define HAVE_MALLOC 1
| #define HAVE_STDLIB_H 1
| #define HAVE_REALLOC 1
| #define HAVE_LSTAT 1
| #define HAVE_STAT 1
| /* end confdefs.h.  */
| /* Define setmode to an innocuous variant, in case <limits.h> declares setmode.
|    For example, HP-UX 11i <limits.h> declares gettimeofday.  */
| #define setmode innocuous_setmode
| 
| /* System header to define __stub macros and hopefully few prototypes,
|     which can conflict with char setmode (); below.
|     Prefer <limits.h> to <assert.h> if __STDC__ is defined, since
|     <limits.h> exists even on freestanding compilers.  */
| 
| #ifdef __STDC__
| # include <limits.h>
| #else
| # include <assert.h>
| #endif
| 
| #undef setmode
| 
| /* Override any GCC internal prototype to avoid an error.
|    Use char because int might match the return type of a GCC
|    builtin and then its argument prototype would still apply.  */
| #ifdef __cplusplus
| extern "C"
| #endif
| char setmode ();
| /* The GNU C library defines this for functions which it implements
|     to always fail with ENOSYS.  Some functions are actually named
|     something starting with __ and the normal name is an alias.  */
| #if defined __stub_setmode || defined __stub___setmode
| choke me
| #endif
| 
| int
| main ()
| {
| return setmode ();
|   ;
|   return 0;
| }
configure:6049: result: no
configure:6064: checking whether O_BINARY is declared
configure:6064: gcc -c -ansi -g -O2  conftest.c >&5
conftest.c:28:10: fatal error: io.h: No such file or directory
   28 | #include <io.h>
      |          ^~~~~~
compilation terminated.
configure:6064: $? = 1
configure: failed program was:
| /* confdefs.h */
| #define PACKAGE_NAME "XMLStarlet"
| #define PACKAGE_TARNAME "xmlstarlet"
| #define PACKAGE_VERSION "v1.6.3-249-ge436ed1-dirty"
| #define PACKAGE_STRING "XMLStarlet v1.6.3-249-ge436ed1-dirty"
| #define PACKAGE_BUGREPORT "http://sourceforge.net/projects/xmlstar/support"
| #define PACKAGE_URL "http://xmlstar.sourceforge.net/"
| #define _XOPEN_SOURCE 500
| #define STDC_HEADERS 1
| #define HAVE_SYS_TYPES_H 1
| #define HAVE_SYS_STAT_H 1
| #define HAVE_STDLIB_H 1
| #define HAVE_STRING_H 1
| #define HAVE_MEMORY_H 1
| #define HAVE_STRINGS_H 1
| #define HAVE_INTTYPES_H 1
| #define HAVE_STDINT_H 1
| #define HAVE_UNISTD_H 1
| #define LSTAT_FOLLOWS_SLASHED_SYMLINK 1
| #define HAVE_STDLIB_H 1
| #define HAVE_MALLOC 1
| #define HAVE_STDLIB_H 1
| #define HAVE_REALLOC 1
| #define HAVE_LSTAT 1
| #define HAVE_STAT 1
| /* end confdefs.h.  */
| 
| #include <io.h>
| #include <fcntl.h>
| 
| 
| int
| main ()
| {
| #ifndef O_BINARY
| #ifdef __cplusplus
|   (void) O_BINARY;
| #else
|   (void) O_BINARY;
| #endif
| #endif
| 
|   ;
|   return 0;
| }
configure:6064: result: no
configure:6086: checking whether exsltDateXpathCtxtRegister is declared
configure:6086: gcc -c -ansi -g -O2 -I//include -I//include/libxml2  conftest.c >&5
In file included from conftest.c:28:
/usr/include/libexslt/exslt.h:5:10: fatal error: libxml/tree.h: No such file or directory
    5 | #include <libxml/tree.h>
      |          ^~~~~~~~~~~~~~~
compilation terminated.
configure:6086: $? = 1
configure: failed program was:
| /* confdefs.h */
| #define PACKAGE_NAME "XMLStarlet"
| #define PACKAGE_TARNAME "xmlstarlet"
| #define PACKAGE_VERSION "v1.6.3-249-ge436ed1-dirty"
| #define PACKAGE_STRING "XMLStarlet v1.6.3-249-ge436ed1-dirty"
| #define PACKAGE_BUGREPORT "http://sourceforge.net/projects/xmlstar/support"
| #define PACKAGE_URL "http://xmlstar.sourceforge.net/"
| #define _XOPEN_SOURCE 500
| #define STDC_HEADERS 1
| #define HAVE_SYS_TYPES_H 1
| #define HAVE_SYS_STAT_H 1
| #define HAVE_STDLIB_H 1
| #define HAVE_STRING_H 1
| #define HAVE_MEMORY_H 1
| #define HAVE_STRINGS_H 1
| #define HAVE_INTTYPES_H 1
| #define HAVE_STDINT_H 1
| #define HAVE_UNISTD_H 1
| #define LSTAT_FOLLOWS_SLASHED_SYMLINK 1
| #define HAVE_STDLIB_H 1
| #define HAVE_MALLOC 1
| #define HAVE_STDLIB_H 1
| #define HAVE_REALLOC 1
| #define HAVE_LSTAT 1
| #define HAVE_STAT 1
| #define HAVE_DECL_O_BINARY 0
| /* end confdefs.h.  */
| #include <libexslt/exslt.h>
| 
| int
| main ()
| {
| #ifndef exsltDateXpathCtxtRegister
| #ifdef __cplusplus
|   (void) exsltDateXpathCtxtRegister;
| #else
|   (void) exsltDateXpathCtxtRegister;
| #endif
| #endif
| 
|   ;
|   return 0;
| }
configure:6086: result: no
configure:6259: checking that generated files are newer than configure
configure:6265: result: done
configure:6320: creating ./config.status

## ---------------------- ##
## Running config.status. ##
## ---------------------- ##

This file was extended by XMLStarlet config.status v1.6.3-249-ge436ed1-dirty, which was
generated by GNU Autoconf 2.69.  Invocation command line was

  CONFIG_FILES    = 
  CONFIG_HEADERS  = 
  CONFIG_LINKS    = 
  CONFIG_COMMANDS = 
  $ ./config.status 

on hawking

config.status:899: creating xmlstarlet.spec
config.status:899: creating Makefile
config.status:899: creating solaris/package/sol8-sparc/pkginfo
config.status:899: creating solaris/package/sol9-sparc/pkginfo
config.status:899: creating config.h
config.status:1080: config.h is unchanged
config.status:1128: executing depfiles commands
config.status:1205: cd .       && sed -e '/# am--include-marker/d' Makefile         | make -f - am--depfiles
make: Nothing to be done for 'am--depfiles'.
config.status:1210: $? = 0

## ---------------- ##
## Cache variables. ##
## ---------------- ##

ac_cv_build=x86_64-pc-linux-gnu
ac_cv_c_compiler_gnu=yes
ac_cv_env_CC_set=
ac_cv_env_CC_value=
ac_cv_env_CFLAGS_set=
ac_cv_env_CFLAGS_value=
ac_cv_env_CPPFLAGS_set=
ac_cv_env_CPPFLAGS_value=
ac_cv_env_CPP_set=
ac_cv_env_CPP_value=
ac_cv_env_LDFLAGS_set=
ac_cv_env_LDFLAGS_value=
ac_cv_env_LIBS_set=
ac_cv_env_LIBS_value=
ac_cv_env_build_alias_set=
ac_cv_env_build_alias_value=
ac_cv_env_host_alias_set=
ac_cv_env_host_alias_value=
ac_cv_env_target_alias_set=
ac_cv_env_target_alias_value=
ac_cv_func_lstat=yes
ac_cv_func_lstat_dereferences_slashed_symlink=yes
ac_cv_func_malloc_0_nonnull=yes
ac_cv_func_realloc_0_nonnull=yes
ac_cv_func_setmode=no
ac_cv_func_stat=yes
ac_cv_have_decl_O_BINARY=no
ac_cv_have_decl_exsltDateXpathCtxtRegister=no
ac_cv_header_inttypes_h=yes
ac_cv_header_memory_h=yes
ac_cv_header_stdc=yes
ac_cv_header_stdint_h=yes
ac_cv_header_stdlib_h=yes
ac_cv_header_string_h=yes
ac_cv_header_strings_h=yes
ac_cv_header_sys_stat_h=yes
ac_cv_header_sys_types_h=yes
ac_cv_header_unistd_h=yes
ac_cv_host=x86_64-pc-linux-gnu
ac_cv_objext=o
ac_cv_path_EGREP='/bin/grep -E'
ac_cv_path_GREP=/bin/grep
ac_cv_path_LIBXML_CONFIG=/bin/xml2-config
ac_cv_path_LIBXSLT_CONFIG=/bin/xslt-config
ac_cv_path_SED=/bin/sed
ac_cv_path_install='/bin/install -c'
ac_cv_path_mkdir=/bin/mkdir
ac_cv_prog_AWK=gawk
ac_cv_prog_CPP='gcc -E'
ac_cv_prog_ac_ct_CC=gcc
ac_cv_prog_cc_c89=
ac_cv_prog_cc_g=yes
ac_cv_prog_make_make_set=yes
ac_cv_type_mode_t=yes
ac_cv_type_size_t=yes
am_cv_CC_dependencies_compiler_type=gcc3
am_cv_make_support_nested_variables=yes
am_cv_prog_cc_c_o=yes

## ----------------- ##
## Output variables. ##
## ----------------- ##

ACLOCAL='${SHELL} /home/dimitern/work/xmlstarlet/xmlstarlet/missing aclocal-1.16'
AMDEPBACKSLASH='\'
AMDEP_FALSE='#'
AMDEP_TRUE=''
AMTAR='$${TAR-tar}'
AM_BACKSLASH='\'
AM_CPPFLAGS='-I//include -I//include/libxml2'
AM_DEFAULT_V='$(AM_DEFAULT_VERBOSITY)'
AM_DEFAULT_VERBOSITY='0'
AM_LDFLAGS='-L//lib -L//lib'
AM_V='$(V)'
AUTOCONF='${SHELL} /home/dimitern/work/xmlstarlet/xmlstarlet/missing autoconf'
AUTOHEADER='${SHELL} /home/dimitern/work/xmlstarlet/xmlstarlet/missing autoheader'
AUTOMAKE='${SHELL} /home/dimitern/work/xmlstarlet/xmlstarlet/missing automake-1.16'
AWK='gawk'
BUILD_DOCS_FALSE=''
BUILD_DOCS_TRUE='#'
CC='gcc'
CCDEPMODE='depmode=gcc3'
CFLAGS='-ansi -g -O2'
CPP='gcc -E'
CPPFLAGS=''
CYGPATH_W='echo'
DEFS='-DHAVE_CONFIG_H'
DEPDIR='.deps'
ECHO_C=''
ECHO_N='-n'
ECHO_T=''
EGREP='/bin/grep -E'
EXEEXT=''
FOP=''
GCC_FALSE='#'
GCC_TRUE=''
GREP='/bin/grep'
HAVE_EXSLT_XPATH_REGISTER_FALSE=''
HAVE_EXSLT_XPATH_REGISTER_TRUE='#'
HAVE_FOP_FALSE=''
HAVE_FOP_TRUE='#'
HAVE_PDF2PS_FALSE=''
HAVE_PDF2PS_TRUE='#'
INSTALL_DATA='${INSTALL} -m 644'
INSTALL_PROGRAM='${INSTALL}'
INSTALL_SCRIPT='${INSTALL}'
INSTALL_STRIP_PROGRAM='$(install_sh) -c -s'
LDADD='-lexslt -lxslt -lxml2  '
LDFLAGS=''
LIBOBJS=''
LIBS=''
LIBXML_CONFIG='/bin/xml2-config'
LIBXML_REQUIRED_VERSION='2.6.27'
LIBXSLT_CONFIG='/bin/xslt-config'
LIBXSLT_REQUIRED_VERSION='1.1.9'
LTLIBOBJS=''
MAINT='#'
MAINTAINER_MODE_FALSE=''
MAINTAINER_MODE_TRUE='#'
MAKEINFO='${SHELL} /home/dimitern/work/xmlstarlet/xmlstarlet/missing makeinfo'
MKDIR_P='/bin/mkdir -p'
OBJEXT='o'
PACKAGE='xmlstarlet'
PACKAGE_BUGREPORT='http://sourceforge.net/projects/xmlstar/support'
PACKAGE_NAME='XMLStarlet'
PACKAGE_STRING='XMLStarlet v1.6.3-249-ge436ed1-dirty'
PACKAGE_TARNAME='xmlstarlet'
PACKAGE_URL='http://xmlstar.sourceforge.net/'
PACKAGE_VERSION='v1.6.3-249-ge436ed1-dirty'
PATH_SEPARATOR=':'
PDF2PS=''
SED='/bin/sed'
SET_MAKE=''
SHELL='/bin/bash'
STRIP=''
VERSION='v1.6.3-249-ge436ed1-dirty'
V_DOCBOOK='$(V_DOCBOOK_$(V))'
V_DOCBOOK_0='@echo "  DBOOK	 $@";'
V_DOCBOOK_='$(V_DOCBOOK_0)'
V_FOP='$(V_FOP_$(V))'
V_FOP_0='@echo "  FOP	 $@";'
V_FOP_='$(V_FOP_0)'
XSLTPROC=''
ac_ct_CC='gcc'
am__EXEEXT_FALSE=''
am__EXEEXT_TRUE='#'
am__fastdepCC_FALSE='#'
am__fastdepCC_TRUE=''
am__include='include'
am__isrc=''
am__leading_dot='.'
am__nodep='_no'
am__quote=''
am__tar='$${TAR-tar} chof - "$$tardir"'
am__untar='$${TAR-tar} xf -'
bindir='${exec_prefix}/bin'
build='x86_64-pc-linux-gnu'
build_alias=''
build_cpu='x86_64'
build_os='linux-gnu'
build_vendor='pc'
datadir='${datarootdir}'
datarootdir='${prefix}/share'
docdir='${datarootdir}/doc/${PACKAGE_TARNAME}'
dvidir='${docdir}'
exec_prefix='${prefix}'
host='x86_64-pc-linux-gnu'
host_alias=''
host_cpu='x86_64'
host_os='linux-gnu'
host_vendor='pc'
htmldir='${docdir}'
includedir='${prefix}/include'
infodir='${datarootdir}/info'
install_sh='${SHELL} /home/dimitern/work/xmlstarlet/xmlstarlet/install-sh'
libdir='${exec_prefix}/lib'
libexecdir='${exec_prefix}/libexec'
localedir='${datarootdir}/locale'
localstatedir='${prefix}/var'
mandir='${datarootdir}/man'
mkdir_p='$(MKDIR_P)'
oldincludedir='/usr/include'
pdfdir='${docdir}'
prefix='/usr'
program_transform_name='s,x,x,'
psdir='${docdir}'
runstatedir='${localstatedir}/run'
sbindir='${exec_prefix}/sbin'
sharedstatedir='${prefix}/com'
sysconfdir='${prefix}/etc'
target_alias=''

## ----------- ##
## confdefs.h. ##
## ----------- ##

/* confdefs.h */
#define PACKAGE_NAME "XMLStarlet"
#define PACKAGE_TARNAME "xmlstarlet"
#define PACKAGE_VERSION "v1.6.3-249-ge436ed1-dirty"
#define PACKAGE_STRING "XMLStarlet v1.6.3-249-ge436ed1-dirty"
#define PACKAGE_BUGREPORT "http://sourceforge.net/projects/xmlstar/support"
#define PACKAGE_URL "http://xmlstar.sourceforge.net/"
#define _XOPEN_SOURCE 500
#define STDC_HEADERS 1
#define HAVE_SYS_TYPES_H 1
#define HAVE_SYS_STAT_H 1
#define HAVE_STDLIB_H 1
#define HAVE_STRING_H 1
#define HAVE_MEMORY_H 1
#define HAVE_STRINGS_H 1
#define HAVE_INTTYPES_H 1
#define HAVE_STDINT_H 1
#define HAVE_UNISTD_H 1
#define LSTAT_FOLLOWS_SLASHED_SYMLINK 1
#define HAVE_STDLIB_H 1
#define HAVE_MALLOC 1
#define HAVE_STDLIB_H 1
#define HAVE_REALLOC 1
#define HAVE_LSTAT 1
#define HAVE_STAT 1
#define HAVE_DECL_O_BINARY 0
#define HAVE_EXSLT_XPATH_REGISTER 0

configure: exit 0
